=== Mirror Script gestartet am Mi 13. Aug 18:32:16 CEST 2025 ===
Lade verschlüsselte .env via envloader...
Sync: Aktualisiere lokales Repository
From https://github.com/ynutsgroup/cfm_mirror
 * branch            main       -> FETCH_HEAD
Already up to date.
Starte Synchronisation...
Sync: Core
sending incremental file list

sent 211 bytes  received 14 bytes  450,00 bytes/sec
total size is 8.625  speedup is 38,33
Sync: Config
sending incremental file list
.env.enc

sent 5.198 bytes  received 35 bytes  10.466,00 bytes/sec
total size is 5.514  speedup is 1,05
Sync: Env
'/opt/coreflow/config/.env.enc' -> '/opt/coreflow/gitmirror/config/.env.enc'
Sync: Audit
'/opt/coreflow/audit/audit.jsonl' -> '/opt/coreflow/gitmirror/audit/audit.jsonl'
Sync: Logs
sending incremental file list
./
git_sync.log
master_sync.log
mirror_20250811_2225.log
mirror_20250811_2245.log
mirror_20250813_1815.log
mirror_20250813_1830.log
mirror_20250813_1832.log
update_20250811.log
update_20250813.log

sent 22.498 bytes  received 192 bytes  45.380,00 bytes/sec
total size is 83.253  speedup is 3,67
Erstelle Commit...
[main 1531a70] Snapshot 20250813_1832 Digest: /opt/coreflow/logs/session_digest_COREFLOW_BASE_20250811_2108.md
 10 files changed, 143 insertions(+)
 create mode 100644 audit/audit.jsonl
 create mode 100644 logs/mirror_20250811_2245.log
 create mode 100644 logs/mirror_20250813_1815.log
 create mode 100644 logs/mirror_20250813_1830.log
 create mode 100644 logs/mirror_20250813_1832.log
 create mode 100644 logs/update_20250813.log
Push zu Remote-Repository...
Pushing to https://github.com/ynutsgroup/cfm_mirror
POST git-receive-pack (3534 bytes)
To https://github.com/ynutsgroup/cfm_mirror
   6721466..1531a70  main -> main
updating local tracking ref 'refs/remotes/origin/main'
SYNC_OK 20250813_1832
=== Mirror Script beendet ===
