=== Mirror Script gestartet am Mi 13. Aug 18:37:14 CEST 2025 ===
Lade verschlüsselte .env via envloader...
Sync: Aktualisiere lokales Repository
fatal: 'origin' does not appear to be a git repository
fatal: Could not read from remote repository.

Please make sure you have the correct access rights
and the repository exists.
WARNUNG: Git-Pull fehlgeschlagen, fahre trotzdem fort
Starte Synchronisation...
Sync: Core
sending incremental file list

sent 211 bytes  received 14 bytes  450,00 bytes/sec
total size is 8.625  speedup is 38,33
Sync: Config
sending incremental file list
.env.enc

sent 5.198 bytes  received 35 bytes  10.466,00 bytes/sec
total size is 5.514  speedup is 1,05
Sync: Env
'/opt/coreflow/config/.env.enc' -> '/opt/coreflow/gitmirror/config/.env.enc'
Sync: Audit
'/opt/coreflow/audit/audit.jsonl' -> '/opt/coreflow/gitmirror/audit/audit.jsonl'
Sync: Logs
sending incremental file list
./
mirror_20250813_1832.log
mirror_20250813_1837.log

sent 4.597 bytes  received 59 bytes  9.312,00 bytes/sec
total size is 85.206  speedup is 18,30
Erstelle Commit...
[main 64532f9] Snapshot 20250813_1837 Digest: /opt/coreflow/logs/session_digest_COREFLOW_BASE_20250811_2108.md
 2 files changed, 52 insertions(+)
 create mode 100644 logs/mirror_20250813_1837.log
Push zu Remote-Repository...
Pushing to origin
fatal: 'origin' does not appear to be a git repository
fatal: Could not read from remote repository.

Please make sure you have the correct access rights
and the repository exists.
FEHLER: Git-Push fehlgeschlagen
=== Mirror Script beendet ===
