=== CoreFlow Auto-Update Started ===
Timestamp: Sa 2. Aug 14:57:28 CEST 2025
Could not connect to Redis at 127.0.0.1:6379: Connection refused
⚠️ WARNING: Not on production branch (currently on master)
[master d7cfd61] 🔄 Auto-Update: 2025-08-02 14:57 UTC+0200
 1 file changed, 86 insertions(+)
 create mode 100644 docs/hand_over_status.md
✅ Git commit successful
Update completed successfully
=== CoreFlow Auto-Update Finished ===
=== CoreFlow Auto-Update Started ===
Timestamp: Sa 2. Aug 15:00:01 CEST 2025
Could not connect to Redis at 127.0.0.1:6379: Connection refused
⚠️ WARNING: Not on production branch (currently on master)
[master 6a8310a] 🔄 Auto-Update: 2025-08-02 15:00 UTC+0200
 1 file changed, 3 insertions(+), 3 deletions(-)
✅ Git commit successful
Update completed successfully
=== CoreFlow Auto-Update Finished ===
=== CoreFlow Auto-Update Started ===
Timestamp: Sa 2. Aug 15:30:01 CEST 2025
Could not connect to Redis at 127.0.0.1:6379: Connection refused
⚠️ WARNING: Not on production branch (currently on master)
[master 3be6576] 🔄 Auto-Update: 2025-08-02 15:30 UTC+0200
 1 file changed, 2 insertions(+), 2 deletions(-)
✅ Git commit successful
Update completed successfully
=== CoreFlow Auto-Update Finished ===
=== CoreFlow Auto-Update Started ===
Timestamp: Sa 2. Aug 16:00:01 CEST 2025
Could not connect to Redis at 127.0.0.1:6379: Connection refused
⚠️ WARNING: Not on production branch (currently on master)
[master 2ce1e62] 🔄 Auto-Update: 2025-08-02 16:00 UTC+0200
 1 file changed, 5 insertions(+), 3 deletions(-)
✅ Git commit successful
Update completed successfully
=== CoreFlow Auto-Update Finished ===
=== CoreFlow Auto-Update Started ===
Timestamp: Sa 2. Aug 16:30:01 CEST 2025
Could not connect to Redis at 127.0.0.1:6379: Connection refused
⚠️ WARNING: Not on production branch (currently on master)
[master 538c795] 🔄 Auto-Update: 2025-08-02 16:30 UTC+0200
 1 file changed, 2 insertions(+), 2 deletions(-)
✅ Git commit successful
Update completed successfully
=== CoreFlow Auto-Update Finished ===
=== CoreFlow Auto-Update Started ===
Timestamp: Sa 2. Aug 17:00:01 CEST 2025
Could not connect to Redis at 127.0.0.1:6379: Connection refused
⚠️ WARNING: Not on production branch (currently on master)
[master 9d35dce] 🔄 Auto-Update: 2025-08-02 17:00 UTC+0200
 1 file changed, 2 insertions(+), 2 deletions(-)
✅ Git commit successful
Update completed successfully
=== CoreFlow Auto-Update Finished ===
=== CoreFlow Auto-Update Started ===
Timestamp: Sa 2. Aug 17:30:01 CEST 2025
Could not connect to Redis at 127.0.0.1:6379: Connection refused
⚠️ WARNING: Not on production branch (currently on master)
[master 48d0800] 🔄 Auto-Update: 2025-08-02 17:30 UTC+0200
 1 file changed, 14 insertions(+), 5 deletions(-)
✅ Git commit successful
Update completed successfully
=== CoreFlow Auto-Update Finished ===
=== CoreFlow Auto-Update Started ===
Timestamp: Sa 2. Aug 18:00:01 CEST 2025
Could not connect to Redis at 127.0.0.1:6379: Connection refused
⚠️ WARNING: Not on production branch (currently on master)
[master 89b6687] 🔄 Auto-Update: 2025-08-02 18:00 UTC+0200
 1 file changed, 12 insertions(+), 4 deletions(-)
✅ Git commit successful
Update completed successfully
=== CoreFlow Auto-Update Finished ===
=== CoreFlow Auto-Update Started ===
Timestamp: Sa 2. Aug 18:30:01 CEST 2025
Could not connect to Redis at 127.0.0.1:6379: Connection refused
⚠️ WARNING: Not on production branch (currently on master)
[master 11ed461] 🔄 Auto-Update: 2025-08-02 18:30 UTC+0200
 1 file changed, 12 insertions(+), 4 deletions(-)
✅ Git commit successful
Update completed successfully
=== CoreFlow Auto-Update Finished ===
=== CoreFlow Auto-Update Started ===
Timestamp: Sa 2. Aug 19:00:01 CEST 2025
Could not connect to Redis at 127.0.0.1:6379: Connection refused
⚠️ WARNING: Not on production branch (currently on master)
[master 6343c78] 🔄 Auto-Update: 2025-08-02 19:00 UTC+0200
 1 file changed, 6 insertions(+), 4 deletions(-)
✅ Git commit successful
Update completed successfully
=== CoreFlow Auto-Update Finished ===
=== CoreFlow Auto-Update Started ===
Timestamp: Sa 2. Aug 19:30:01 CEST 2025
Could not connect to Redis at 127.0.0.1:6379: Connection refused
⚠️ WARNING: Not on production branch (currently on master)
[master ded9d4c] 🔄 Auto-Update: 2025-08-02 19:30 UTC+0200
 1 file changed, 6 insertions(+), 4 deletions(-)
✅ Git commit successful
Update completed successfully
=== CoreFlow Auto-Update Finished ===
=== CoreFlow Auto-Update Started ===
Timestamp: Sa 2. Aug 20:00:01 CEST 2025
Could not connect to Redis at 127.0.0.1:6379: Connection refused
⚠️ WARNING: Not on production branch (currently on master)
[master 77b4cb8] 🔄 Auto-Update: 2025-08-02 20:00 UTC+0200
 1 file changed, 9 insertions(+), 3 deletions(-)
✅ Git commit successful
Update completed successfully
=== CoreFlow Auto-Update Finished ===
=== CoreFlow Auto-Update Started ===
Timestamp: Sa 2. Aug 20:30:01 CEST 2025
Could not connect to Redis at 127.0.0.1:6379: Connection refused
⚠️ WARNING: Not on production branch (currently on master)
[master 04f5731] 🔄 Auto-Update: 2025-08-02 20:30 UTC+0200
 1 file changed, 2 insertions(+), 2 deletions(-)
✅ Git commit successful
Update completed successfully
=== CoreFlow Auto-Update Finished ===
=== CoreFlow Auto-Update Started ===
Timestamp: Sa 2. Aug 21:00:01 CEST 2025
Could not connect to Redis at 127.0.0.1:6379: Connection refused
⚠️ WARNING: Not on production branch (currently on master)
[master 46461b4] 🔄 Auto-Update: 2025-08-02 21:00 UTC+0200
 1 file changed, 2 insertions(+), 2 deletions(-)
✅ Git commit successful
Update completed successfully
=== CoreFlow Auto-Update Finished ===
=== CoreFlow Auto-Update Started ===
Timestamp: Sa 2. Aug 21:30:01 CEST 2025
Could not connect to Redis at 127.0.0.1:6379: Connection refused
⚠️ WARNING: Not on production branch (currently on master)
[master 0e3b0ab] 🔄 Auto-Update: 2025-08-02 21:30 UTC+0200
 1 file changed, 2 insertions(+), 2 deletions(-)
✅ Git commit successful
Update completed successfully
=== CoreFlow Auto-Update Finished ===
=== CoreFlow Auto-Update Started ===
Timestamp: Sa 2. Aug 22:00:01 CEST 2025
Could not connect to Redis at 127.0.0.1:6379: Connection refused
⚠️ WARNING: Not on production branch (currently on master)
[master 0be488c] 🔄 Auto-Update: 2025-08-02 22:00 UTC+0200
 1 file changed, 2 insertions(+), 2 deletions(-)
✅ Git commit successful
Update completed successfully
=== CoreFlow Auto-Update Finished ===
=== CoreFlow Auto-Update Started ===
Timestamp: Sa 2. Aug 22:30:01 CEST 2025
Could not connect to Redis at 127.0.0.1:6379: Connection refused
⚠️ WARNING: Not on production branch (currently on master)
[master 545f0e3] 🔄 Auto-Update: 2025-08-02 22:30 UTC+0200
 1 file changed, 2 insertions(+), 2 deletions(-)
✅ Git commit successful
Update completed successfully
=== CoreFlow Auto-Update Finished ===
=== CoreFlow Auto-Update Started ===
Timestamp: Sa 2. Aug 23:00:01 CEST 2025
Could not connect to Redis at 127.0.0.1:6379: Connection refused
⚠️ WARNING: Not on production branch (currently on master)
[master 24f7fc8] 🔄 Auto-Update: 2025-08-02 23:00 UTC+0200
 1 file changed, 2 insertions(+), 2 deletions(-)
✅ Git commit successful
Update completed successfully
=== CoreFlow Auto-Update Finished ===
=== CoreFlow Auto-Update Started ===
Timestamp: Sa 2. Aug 23:30:01 CEST 2025
Could not connect to Redis at 127.0.0.1:6379: Connection refused
⚠️ WARNING: Not on production branch (currently on master)
[master 41176d2] 🔄 Auto-Update: 2025-08-02 23:30 UTC+0200
 1 file changed, 2 insertions(+), 2 deletions(-)
✅ Git commit successful
Update completed successfully
=== CoreFlow Auto-Update Finished ===
