=== CoreFlow Auto-Update Started ===
Timestamp: So 3. Aug 00:00:01 CEST 2025
Could not connect to Redis at 127.0.0.1:6379: Connection refused
⚠️ WARNING: Not on production branch (currently on master)
[master 97cc897] 🔄 Auto-Update: 2025-08-03 00:00 UTC+0200
 1 file changed, 6 insertions(+), 4 deletions(-)
✅ Git commit successful
Update completed successfully
=== CoreFlow Auto-Update Finished ===
=== CoreFlow Auto-Update Started ===
Timestamp: So 3. Aug 14:00:01 CEST 2025
Could not connect to Redis at 127.0.0.1:6379: Connection refused
⚠️ WARNING: Not on production branch (currently on master)
[master e1a0237] 🔄 Auto-Update: 2025-08-03 14:00 UTC+0200
 1 file changed, 13 insertions(+), 5 deletions(-)
✅ Git commit successful
Update completed successfully
=== CoreFlow Auto-Update Finished ===
=== CoreFlow Auto-Update Started ===
Timestamp: So 3. Aug 14:30:01 CEST 2025
Could not connect to Redis at 127.0.0.1:6379: Connection refused
⚠️ WARNING: Not on production branch (currently on master)
[master 1efb2ec] 🔄 Auto-Update: 2025-08-03 14:30 UTC+0200
 1 file changed, 7 insertions(+), 4 deletions(-)
✅ Git commit successful
Update completed successfully
=== CoreFlow Auto-Update Finished ===
=== CoreFlow Auto-Update Started ===
Timestamp: So 3. Aug 15:00:01 CEST 2025
Could not connect to Redis at 127.0.0.1:6379: Connection refused
⚠️ WARNING: Not on production branch (currently on master)
[master 0d10c8f] 🔄 Auto-Update: 2025-08-03 15:00 UTC+0200
 1 file changed, 23 insertions(+), 6 deletions(-)
✅ Git commit successful
Update completed successfully
=== CoreFlow Auto-Update Finished ===
=== CoreFlow Auto-Update Started ===
Timestamp: So 3. Aug 15:30:01 CEST 2025
Could not connect to Redis at 127.0.0.1:6379: Connection refused
⚠️ WARNING: Not on production branch (currently on master)
[master 22aedf9] 🔄 Auto-Update: 2025-08-03 15:30 UTC+0200
 1 file changed, 2 insertions(+), 2 deletions(-)
✅ Git commit successful
Update completed successfully
=== CoreFlow Auto-Update Finished ===
=== CoreFlow Auto-Update Started ===
Timestamp: So 3. Aug 16:00:01 CEST 2025
Could not connect to Redis at 127.0.0.1:6379: Connection refused
⚠️ WARNING: Not on production branch (currently on master)
[master 5e3aea2] 🔄 Auto-Update: 2025-08-03 16:00 UTC+0200
 1 file changed, 2 insertions(+), 2 deletions(-)
✅ Git commit successful
Update completed successfully
=== CoreFlow Auto-Update Finished ===
=== CoreFlow Auto-Update Started ===
Timestamp: So 3. Aug 16:30:01 CEST 2025
Could not connect to Redis at 127.0.0.1:6379: Connection refused
⚠️ WARNING: Not on production branch (currently on master)
[master 48002dc] 🔄 Auto-Update: 2025-08-03 16:30 UTC+0200
 1 file changed, 7 insertions(+), 5 deletions(-)
✅ Git commit successful
Update completed successfully
=== CoreFlow Auto-Update Finished ===
=== CoreFlow Auto-Update Started ===
Timestamp: So 3. Aug 17:00:01 CEST 2025
Could not connect to Redis at 127.0.0.1:6379: Connection refused
⚠️ WARNING: Not on production branch (currently on master)
[master d9ea1f7] 🔄 Auto-Update: 2025-08-03 17:00 UTC+0200
 1 file changed, 7 insertions(+), 5 deletions(-)
✅ Git commit successful
Update completed successfully
=== CoreFlow Auto-Update Finished ===
=== CoreFlow Auto-Update Started ===
Timestamp: So 3. Aug 17:30:01 CEST 2025
Could not connect to Redis at 127.0.0.1:6379: Connection refused
⚠️ WARNING: Not on production branch (currently on master)
[master f8ad8f5] 🔄 Auto-Update: 2025-08-03 17:30 UTC+0200
 1 file changed, 8 insertions(+), 4 deletions(-)
✅ Git commit successful
Update completed successfully
=== CoreFlow Auto-Update Finished ===
=== CoreFlow Auto-Update Started ===
Timestamp: So 3. Aug 18:00:01 CEST 2025
Could not connect to Redis at 127.0.0.1:6379: Connection refused
⚠️ WARNING: Not on production branch (currently on master)
[master f9c989c] 🔄 Auto-Update: 2025-08-03 18:00 UTC+0200
 1 file changed, 5 insertions(+), 4 deletions(-)
✅ Git commit successful
Update completed successfully
=== CoreFlow Auto-Update Finished ===
=== CoreFlow Auto-Update Started ===
Timestamp: So 3. Aug 18:30:01 CEST 2025
Could not connect to Redis at 127.0.0.1:6379: Connection refused
⚠️ WARNING: Not on production branch (currently on master)
[master d6a6368] 🔄 Auto-Update: 2025-08-03 18:30 UTC+0200
 1 file changed, 2 insertions(+), 2 deletions(-)
✅ Git commit successful
Update completed successfully
=== CoreFlow Auto-Update Finished ===
=== CoreFlow Auto-Update Started ===
Timestamp: So 3. Aug 19:00:01 CEST 2025
Could not connect to Redis at 127.0.0.1:6379: Connection refused
⚠️ WARNING: Not on production branch (currently on master)
[master bd18fd6] 🔄 Auto-Update: 2025-08-03 19:00 UTC+0200
 1 file changed, 2 insertions(+), 2 deletions(-)
✅ Git commit successful
Update completed successfully
=== CoreFlow Auto-Update Finished ===
=== CoreFlow Auto-Update Started ===
Timestamp: So 3. Aug 19:30:01 CEST 2025
Could not connect to Redis at 127.0.0.1:6379: Connection refused
⚠️ WARNING: Not on production branch (currently on master)
[master dafba5d] 🔄 Auto-Update: 2025-08-03 19:30 UTC+0200
 1 file changed, 2 insertions(+), 2 deletions(-)
✅ Git commit successful
Update completed successfully
=== CoreFlow Auto-Update Finished ===
=== CoreFlow Auto-Update Started ===
Timestamp: So 3. Aug 20:00:01 CEST 2025
Could not connect to Redis at 127.0.0.1:6379: Connection refused
⚠️ WARNING: Not on production branch (currently on master)
[master c14198e] 🔄 Auto-Update: 2025-08-03 20:00 UTC+0200
 1 file changed, 2 insertions(+), 2 deletions(-)
✅ Git commit successful
Update completed successfully
=== CoreFlow Auto-Update Finished ===
=== CoreFlow Auto-Update Started ===
Timestamp: So 3. Aug 20:30:01 CEST 2025
Could not connect to Redis at 127.0.0.1:6379: Connection refused
⚠️ WARNING: Not on production branch (currently on master)
[master afb9089] 🔄 Auto-Update: 2025-08-03 20:30 UTC+0200
 1 file changed, 2 insertions(+), 2 deletions(-)
✅ Git commit successful
Update completed successfully
=== CoreFlow Auto-Update Finished ===
=== CoreFlow Auto-Update Started ===
Timestamp: So 3. Aug 21:00:01 CEST 2025
Could not connect to Redis at 127.0.0.1:6379: Connection refused
⚠️ WARNING: Not on production branch (currently on master)
[master 057190a] 🔄 Auto-Update: 2025-08-03 21:00 UTC+0200
 1 file changed, 2 insertions(+), 2 deletions(-)
✅ Git commit successful
Update completed successfully
=== CoreFlow Auto-Update Finished ===
=== CoreFlow Auto-Update Started ===
Timestamp: So 3. Aug 21:30:01 CEST 2025
Could not connect to Redis at 127.0.0.1:6379: Connection refused
⚠️ WARNING: Not on production branch (currently on master)
[master d3d4846] 🔄 Auto-Update: 2025-08-03 21:30 UTC+0200
 1 file changed, 6 insertions(+), 5 deletions(-)
✅ Git commit successful
Update completed successfully
=== CoreFlow Auto-Update Finished ===
=== CoreFlow Auto-Update Started ===
Timestamp: So 3. Aug 22:00:01 CEST 2025
Could not connect to Redis at 127.0.0.1:6379: Connection refused
⚠️ WARNING: Not on production branch (currently on master)
[master c9cd131] 🔄 Auto-Update: 2025-08-03 22:00 UTC+0200
 1 file changed, 5 insertions(+), 4 deletions(-)
✅ Git commit successful
Update completed successfully
=== CoreFlow Auto-Update Finished ===
=== CoreFlow Auto-Update Started ===
Timestamp: So 3. Aug 22:30:01 CEST 2025
Could not connect to Redis at 127.0.0.1:6379: Connection refused
⚠️ WARNING: Not on production branch (currently on master)
[master cb4e4b1] 🔄 Auto-Update: 2025-08-03 22:30 UTC+0200
 1 file changed, 2 insertions(+), 2 deletions(-)
✅ Git commit successful
Update completed successfully
=== CoreFlow Auto-Update Finished ===
=== CoreFlow Auto-Update Started ===
Timestamp: So 3. Aug 23:00:01 CEST 2025
Could not connect to Redis at 127.0.0.1:6379: Connection refused
⚠️ WARNING: Not on production branch (currently on master)
[master 6407dc6] 🔄 Auto-Update: 2025-08-03 23:00 UTC+0200
 1 file changed, 2 insertions(+), 2 deletions(-)
✅ Git commit successful
Update completed successfully
=== CoreFlow Auto-Update Finished ===
=== CoreFlow Auto-Update Started ===
Timestamp: So 3. Aug 23:30:01 CEST 2025
Could not connect to Redis at 127.0.0.1:6379: Connection refused
⚠️ WARNING: Not on production branch (currently on master)
[master 62a7b4f] 🔄 Auto-Update: 2025-08-03 23:30 UTC+0200
 1 file changed, 2 insertions(+), 2 deletions(-)
✅ Git commit successful
Update completed successfully
=== CoreFlow Auto-Update Finished ===
