=== CoreFlow Auto-Update Started ===
Timestamp: Mo 4. Aug 00:00:01 CEST 2025
Could not connect to Redis at 127.0.0.1:6379: Connection refused
⚠️ WARNING: Not on production branch (currently on master)
[master 718b407] 🔄 Auto-Update: 2025-08-04 00:00 UTC+0200
 1 file changed, 6 insertions(+), 4 deletions(-)
✅ Git commit successful
Update completed successfully
=== CoreFlow Auto-Update Finished ===
=== CoreFlow Auto-Update Started ===
Timestamp: Mo 4. Aug 00:30:01 CEST 2025
Could not connect to Redis at 127.0.0.1:6379: Connection refused
⚠️ WARNING: Not on production branch (currently on master)
[master 1d620dd] 🔄 Auto-Update: 2025-08-04 00:30 UTC+0200
 1 file changed, 2 insertions(+), 2 deletions(-)
✅ Git commit successful
Update completed successfully
=== CoreFlow Auto-Update Finished ===
=== CoreFlow Auto-Update Started ===
Timestamp: Mo 4. Aug 01:00:01 CEST 2025
Could not connect to Redis at 127.0.0.1:6379: Connection refused
⚠️ WARNING: Not on production branch (currently on master)
[master cf9dd5c] 🔄 Auto-Update: 2025-08-04 01:00 UTC+0200
 1 file changed, 2 insertions(+), 2 deletions(-)
✅ Git commit successful
Update completed successfully
=== CoreFlow Auto-Update Finished ===
=== CoreFlow Auto-Update Started ===
Timestamp: Mo 4. Aug 01:30:01 CEST 2025
Could not connect to Redis at 127.0.0.1:6379: Connection refused
⚠️ WARNING: Not on production branch (currently on master)
[master 0f58842] 🔄 Auto-Update: 2025-08-04 01:30 UTC+0200
 1 file changed, 5 insertions(+), 4 deletions(-)
✅ Git commit successful
Update completed successfully
=== CoreFlow Auto-Update Finished ===
=== CoreFlow Auto-Update Started ===
Timestamp: Mo 4. Aug 02:00:01 CEST 2025
Could not connect to Redis at 127.0.0.1:6379: Connection refused
⚠️ WARNING: Not on production branch (currently on master)
[master de76620] 🔄 Auto-Update: 2025-08-04 02:00 UTC+0200
 1 file changed, 2 insertions(+), 2 deletions(-)
✅ Git commit successful
Update completed successfully
=== CoreFlow Auto-Update Finished ===
=== CoreFlow Auto-Update Started ===
Timestamp: Mo 4. Aug 02:30:01 CEST 2025
Could not connect to Redis at 127.0.0.1:6379: Connection refused
⚠️ WARNING: Not on production branch (currently on master)
[master e3dc5c6] 🔄 Auto-Update: 2025-08-04 02:30 UTC+0200
 1 file changed, 2 insertions(+), 2 deletions(-)
✅ Git commit successful
Update completed successfully
=== CoreFlow Auto-Update Finished ===
=== CoreFlow Auto-Update Started ===
Timestamp: Mo 4. Aug 17:30:01 CEST 2025
Could not connect to Redis at 127.0.0.1:6379: Connection refused
⚠️ WARNING: Not on production branch (currently on master)
[master ed96c64] 🔄 Auto-Update: 2025-08-04 17:30 UTC+0200
 1 file changed, 6 insertions(+), 4 deletions(-)
✅ Git commit successful
Update completed successfully
=== CoreFlow Auto-Update Finished ===
=== CoreFlow Auto-Update Started ===
Timestamp: Mo 4. Aug 18:00:01 CEST 2025
Could not connect to Redis at 127.0.0.1:6379: Connection refused
⚠️ WARNING: Not on production branch (currently on master)
[master e0fdbec] 🔄 Auto-Update: 2025-08-04 18:00 UTC+0200
 1 file changed, 3 insertions(+), 3 deletions(-)
✅ Git commit successful
Update completed successfully
=== CoreFlow Auto-Update Finished ===
=== CoreFlow Auto-Update Started ===
Timestamp: Mo 4. Aug 18:30:01 CEST 2025
Could not connect to Redis at 127.0.0.1:6379: Connection refused
⚠️ WARNING: Not on production branch (currently on master)
[master fc5a28a] 🔄 Auto-Update: 2025-08-04 18:30 UTC+0200
 1 file changed, 2 insertions(+), 2 deletions(-)
✅ Git commit successful
Update completed successfully
=== CoreFlow Auto-Update Finished ===
